[2022-3-29 10:54:33] [INFO] Routes :: Mounting App Routes...
[2022-3-29 10:54:33] [INFO] Booting the 'HTTP' middleware...
[2022-3-29 10:54:33] [INFO] Booting the 'CORS' middleware...
[2022-3-29 10:54:33] [INFO] Database :: Booting @ Master...
[2022-3-29 10:54:33] [INFO] Server :: Booting @ Master...
[2022-3-29 10:54:33] [INFO] CONNECTION TO DATABSE ESTABLISHED
[2022-3-29 10:55:9] [INFO] Booting the 'CORS' middleware...
[2022-3-29 10:55:9] [INFO] Booting the 'HTTP' middleware...
[2022-3-29 10:55:9] [INFO] Routes :: Mounting App Routes...
[2022-3-29 10:55:9] [INFO] Database :: Booting @ Master...
[2022-3-29 10:55:9] [INFO] Server :: Booting @ Master...
[2022-3-29 10:55:9] [INFO] CONNECTION TO DATABSE ESTABLISHED
[2022-3-29 11:3:44] [INFO] Booting the 'CORS' middleware...
[2022-3-29 11:3:44] [INFO] Booting the 'HTTP' middleware...
[2022-3-29 11:3:44] [INFO] Routes :: Mounting App Routes...
[2022-3-29 11:3:44] [INFO] Database :: Booting @ Master...
[2022-3-29 11:3:44] [INFO] Server :: Booting @ Master...
[2022-3-29 11:3:44] [INFO] Connection to database established
[2022-3-29 11:5:7] [INFO] Booting the 'CORS' middleware...
[2022-3-29 11:5:7] [INFO] Booting the 'HTTP' middleware...
[2022-3-29 11:5:7] [INFO] Routes :: Mounting App Routes...
[2022-3-29 11:5:7] [INFO] Database :: Booting @ Master...
[2022-3-29 11:5:7] [INFO] Server :: Booting @ Master...
[2022-3-29 11:5:7] [INFO] Connection to database established
[2022-3-29 11:5:25] [INFO] Booting the 'CORS' middleware...
[2022-3-29 11:5:25] [INFO] Booting the 'HTTP' middleware...
[2022-3-29 11:5:25] [INFO] Routes :: Mounting App Routes...
[2022-3-29 11:5:25] [INFO] Database :: Booting @ Master...
[2022-3-29 11:5:25] [INFO] Server :: Booting @ Master...
[2022-3-29 11:5:25] [INFO] Connection to database established
[2022-3-29 11:19:35] [INFO] Booting the 'CORS' middleware...
[2022-3-29 11:19:35] [INFO] Booting the 'HTTP' middleware...
[2022-3-29 11:19:35] [INFO] Database :: Booting @ Master...
[2022-3-29 11:19:35] [INFO] Server :: Booting @ Master...
[2022-3-29 11:19:35] [INFO] Routes :: Mounting App Routes...
[2022-3-29 11:19:35] [INFO] Connection to database established
[2022-3-29 11:21:17] [INFO] Booting the 'CORS' middleware...
[2022-3-29 11:21:17] [INFO] Booting the 'HTTP' middleware...
[2022-3-29 11:21:17] [INFO] Routes :: Mounting App Routes...
[2022-3-29 11:21:17] [INFO] Database :: Booting @ Master...
[2022-3-29 11:21:17] [INFO] Server :: Booting @ Master...
[2022-3-29 11:21:17] [INFO] Connection to database established
[2022-3-29 11:23:5] [INFO] Booting the 'CORS' middleware...
[2022-3-29 11:23:5] [INFO] Booting the 'HTTP' middleware...
[2022-3-29 11:23:5] [INFO] Routes :: Mounting App Routes...
[2022-3-29 11:23:5] [INFO] Database :: Booting @ Master...
[2022-3-29 11:23:5] [INFO] Server :: Booting @ Master...
[2022-3-29 11:23:5] [INFO] Connection to database established
